0 verbose cli /usr/bin/node /usr/lib/node_modules/npm/bin/npm-cli.js
1 info using npm@8.15.0
2 info using node@v18.7.0
3 timing npm:load:whichnode Completed in 0ms
4 timing config:load:defaults Completed in 2ms
5 timing config:load:file:/usr/lib/node_modules/npm/npmrc Completed in 0ms
6 timing config:load:builtin Completed in 0ms
7 timing config:load:cli Completed in 1ms
8 timing config:load:env Completed in 0ms
9 timing config:load:file:/home/lia/meu_primeiro_repositorio/.npmrc Completed in 0ms
10 timing config:load:project Completed in 2ms
11 timing config:load:file:/home/lia/.npmrc Completed in 0ms
12 timing config:load:user Completed in 0ms
13 timing config:load:file:/usr/etc/npmrc Completed in 0ms
14 timing config:load:global Completed in 0ms
15 timing config:load:validate Completed in 0ms
16 timing config:load:credentials Completed in 1ms
17 timing config:load:setEnvs Completed in 1ms
18 timing config:load Completed in 8ms
19 timing npm:load:configload Completed in 8ms
20 timing npm:load:mkdirpcache Completed in 1ms
21 timing npm:load:mkdirplogs Completed in 1ms
22 verbose title npm exec create-react-app meu_primeiro_repositorio --template typescript
23 verbose argv "exec" "--" "create-react-app" "meu_primeiro_repositorio" "--template" "typescript"
24 timing npm:load:setTitle Completed in 0ms
25 timing config:load:flatten Completed in 1ms
26 timing npm:load:display Completed in 3ms
27 verbose logfile logs-max:10 dir:/home/lia/.npm/_logs
28 verbose logfile /home/lia/.npm/_logs/2022-07-29T15_34_22_730Z-debug-0.log
29 timing npm:load:logFile Completed in 3ms
30 timing npm:load:timers Completed in 0ms
31 timing npm:load:configScope Completed in 0ms
32 timing npm:load Completed in 16ms
33 silly logfile done cleaning log files
34 timing arborist:ctor Completed in 0ms
35 http fetch GET 200 https://registry.npmjs.org/create-react-app 221ms (cache miss)
36 timing arborist:ctor Completed in 1ms
37 http fetch GET 200 https://registry.npmjs.org/npm 318ms (cache miss)
38 timing arborist:ctor Completed in 0ms
39 timing idealTree:init Completed in 5ms
40 timing idealTree:userRequests Completed in 3ms
41 silly idealTree buildDeps
42 silly fetch manifest create-react-app@5.0.1
43 http fetch GET 200 https://registry.npmjs.org/create-react-app 8ms (cache hit)
44 silly placeDep ROOT create-react-app@5.0.1 OK for:  want: 5.0.1
45 silly fetch manifest chalk@^4.1.2
46 silly fetch manifest commander@^4.1.1
47 silly fetch manifest cross-spawn@^7.0.3
48 silly fetch manifest envinfo@^7.8.1
49 silly fetch manifest fs-extra@^10.0.0
50 silly fetch manifest hyperquest@^2.1.3
51 silly fetch manifest prompts@^2.4.2
52 silly fetch manifest semver@^7.3.5
53 silly fetch manifest tar-pack@^3.4.1
54 silly fetch manifest tmp@^0.2.1
55 silly fetch manifest validate-npm-package-name@^3.0.0
56 http fetch GET 200 https://registry.npmjs.org/chalk 94ms (cache miss)
57 http fetch GET 200 https://registry.npmjs.org/commander 110ms (cache miss)
58 http fetch GET 200 https://registry.npmjs.org/semver 112ms (cache miss)
59 http fetch GET 200 https://registry.npmjs.org/cross-spawn 140ms (cache miss)
60 http fetch GET 200 https://registry.npmjs.org/prompts 151ms (cache miss)
61 http fetch GET 200 https://registry.npmjs.org/validate-npm-package-name 161ms (cache miss)
62 http fetch GET 200 https://registry.npmjs.org/fs-extra 164ms (cache miss)
63 http fetch GET 200 https://registry.npmjs.org/envinfo 180ms (cache miss)
64 http fetch GET 200 https://registry.npmjs.org/hyperquest 1120ms (cache miss)
65 http fetch GET 200 https://registry.npmjs.org/tar-pack 1149ms (cache miss)
66 http fetch GET 200 https://registry.npmjs.org/tmp 1150ms (cache miss)
67 timing idealTree:#root Completed in 1167ms
68 silly placeDep ROOT chalk@4.1.2 OK for: create-react-app@5.0.1 want: ^4.1.2
69 silly placeDep ROOT commander@4.1.1 OK for: create-react-app@5.0.1 want: ^4.1.1
70 silly placeDep ROOT cross-spawn@7.0.3 OK for: create-react-app@5.0.1 want: ^7.0.3
71 silly placeDep ROOT envinfo@7.8.1 OK for: create-react-app@5.0.1 want: ^7.8.1
72 silly placeDep ROOT fs-extra@10.1.0 OK for: create-react-app@5.0.1 want: ^10.0.0
73 silly placeDep ROOT hyperquest@2.1.3 OK for: create-react-app@5.0.1 want: ^2.1.3
74 silly placeDep ROOT prompts@2.4.2 OK for: create-react-app@5.0.1 want: ^2.4.2
75 silly placeDep ROOT semver@7.3.7 OK for: create-react-app@5.0.1 want: ^7.3.5
76 silly placeDep ROOT tar-pack@3.4.1 OK for: create-react-app@5.0.1 want: ^3.4.1
77 silly placeDep ROOT tmp@0.2.1 OK for: create-react-app@5.0.1 want: ^0.2.1
78 silly placeDep ROOT validate-npm-package-name@3.0.0 OK for: create-react-app@5.0.1 want: ^3.0.0
79 silly fetch manifest ansi-styles@^4.1.0
80 silly fetch manifest supports-color@^7.1.0
81 silly fetch manifest path-key@^3.1.0
82 silly fetch manifest shebang-command@^2.0.0
83 silly fetch manifest which@^2.0.1
84 silly fetch manifest graceful-fs@^4.2.0
85 silly fetch manifest jsonfile@^6.0.1
86 silly fetch manifest universalify@^2.0.0
87 silly fetch manifest buffer-from@^0.1.1
88 silly fetch manifest duplexer2@~0.0.2
89 silly fetch manifest through2@~0.6.3
90 silly fetch manifest kleur@^3.0.3
91 silly fetch manifest sisteransi@^1.0.5
92 silly fetch manifest lru-cache@^6.0.0
93 silly fetch manifest debug@^2.2.0
94 silly fetch manifest fstream@^1.0.10
95 silly fetch manifest fstream-ignore@^1.0.5
96 silly fetch manifest once@^1.3.3
97 silly fetch manifest readable-stream@^2.1.4
98 silly fetch manifest rimraf@^2.5.1
99 silly fetch manifest tar@^2.2.1
100 silly fetch manifest uid-number@^0.0.6
101 silly fetch manifest rimraf@^3.0.0
102 silly fetch manifest builtins@^1.0.3
103 http fetch GET 200 https://registry.npmjs.org/supports-color 56ms (cache miss)
104 http fetch GET 200 https://registry.npmjs.org/shebang-command 93ms (cache miss)
105 http fetch GET 200 https://registry.npmjs.org/which 93ms (cache miss)
106 http fetch GET 200 https://registry.npmjs.org/path-key 104ms (cache miss)
107 http fetch GET 200 https://registry.npmjs.org/ansi-styles 105ms (cache miss)
108 http fetch GET 200 https://registry.npmjs.org/through2 111ms (cache miss)
109 http fetch GET 200 https://registry.npmjs.org/jsonfile 114ms (cache miss)
110 http fetch GET 200 https://registry.npmjs.org/universalify 114ms (cache miss)
111 http fetch GET 200 https://registry.npmjs.org/buffer-from 114ms (cache miss)
112 http fetch GET 200 https://registry.npmjs.org/graceful-fs 117ms (cache miss)
113 http fetch GET 200 https://registry.npmjs.org/fstream 127ms (cache miss)
114 http fetch GET 200 https://registry.npmjs.org/sisteransi 137ms (cache miss)
115 http fetch GET 200 https://registry.npmjs.org/kleur 148ms (cache miss)
116 http fetch GET 200 https://registry.npmjs.org/tar 162ms (cache miss)
117 http fetch GET 200 https://registry.npmjs.org/lru-cache 169ms (cache miss)
118 http fetch GET 200 https://registry.npmjs.org/debug 173ms (cache miss)
119 http fetch GET 200 https://registry.npmjs.org/once 177ms (cache miss)
120 http fetch GET 200 https://registry.npmjs.org/builtins 180ms (cache miss)
121 http fetch GET 200 https://registry.npmjs.org/rimraf 183ms (cache miss)
122 http fetch GET 200 https://registry.npmjs.org/rimraf 188ms (cache miss)
123 http fetch GET 200 https://registry.npmjs.org/readable-stream 202ms (cache miss)
124 http fetch GET 200 https://registry.npmjs.org/fstream-ignore 1077ms (cache miss)
125 http fetch GET 200 https://registry.npmjs.org/duplexer2 1082ms (cache miss)
126 http fetch GET 200 https://registry.npmjs.org/uid-number 1090ms (cache miss)
127 timing idealTree:node_modules/create-react-app Completed in 1111ms
128 silly placeDep ROOT ansi-styles@4.3.0 OK for: chalk@4.1.2 want: ^4.1.0
129 silly placeDep ROOT supports-color@7.2.0 OK for: chalk@4.1.2 want: ^7.1.0
130 silly fetch manifest color-convert@^2.0.1
131 silly fetch manifest has-flag@^4.0.0
132 http fetch GET 200 https://registry.npmjs.org/color-convert 85ms (cache miss)
133 http fetch GET 200 https://registry.npmjs.org/has-flag 85ms (cache miss)
134 timing idealTree:node_modules/chalk Completed in 88ms
135 silly placeDep ROOT color-convert@2.0.1 OK for: ansi-styles@4.3.0 want: ^2.0.1
136 silly fetch manifest color-name@~1.1.4
137 http fetch GET 200 https://registry.npmjs.org/color-name 81ms (cache miss)
138 timing idealTree:node_modules/ansi-styles Completed in 83ms
139 silly placeDep ROOT color-name@1.1.4 OK for: color-convert@2.0.1 want: ~1.1.4
140 timing idealTree:node_modules/color-convert Completed in 1ms
141 timing idealTree:node_modules/color-name Completed in 0ms
142 timing idealTree:node_modules/commander Completed in 0ms
143 silly placeDep ROOT path-key@3.1.1 OK for: cross-spawn@7.0.3 want: ^3.1.0
144 silly placeDep ROOT shebang-command@2.0.0 OK for: cross-spawn@7.0.3 want: ^2.0.0
145 silly placeDep ROOT which@2.0.2 OK for: cross-spawn@7.0.3 want: ^2.0.1
146 silly fetch manifest shebang-regex@^3.0.0
147 silly fetch manifest isexe@^2.0.0
148 http fetch GET 200 https://registry.npmjs.org/shebang-regex 79ms (cache miss)
149 http fetch GET 200 https://registry.npmjs.org/isexe 86ms (cache miss)
150 timing idealTree:node_modules/cross-spawn Completed in 90ms
151 timing idealTree:node_modules/envinfo Completed in 0ms
152 silly placeDep ROOT graceful-fs@4.2.10 OK for: fs-extra@10.1.0 want: ^4.2.0
153 silly placeDep ROOT jsonfile@6.1.0 OK for: fs-extra@10.1.0 want: ^6.0.1
154 silly placeDep ROOT universalify@2.0.0 OK for: fs-extra@10.1.0 want: ^2.0.0
155 timing idealTree:node_modules/fs-extra Completed in 2ms
156 timing idealTree:node_modules/graceful-fs Completed in 0ms
157 silly placeDep ROOT buffer-from@0.1.2 OK for: hyperquest@2.1.3 want: ^0.1.1
158 silly placeDep ROOT duplexer2@0.0.2 OK for: hyperquest@2.1.3 want: ~0.0.2
159 silly placeDep ROOT through2@0.6.5 OK for: hyperquest@2.1.3 want: ~0.6.3
160 silly fetch manifest readable-stream@~1.1.9
161 silly fetch manifest readable-stream@>=1.0.33-1 <1.1.0-0
162 silly fetch manifest xtend@>=4.0.0 <4.1.0-0
163 http fetch GET 200 https://registry.npmjs.org/xtend 52ms (cache miss)
164 timing idealTree:node_modules/hyperquest Completed in 55ms
165 timing idealTree:node_modules/buffer-from Completed in 0ms
166 silly placeDep ROOT readable-stream@1.1.14 OK for: duplexer2@0.0.2 want: ~1.1.9
167 silly fetch manifest core-util-is@~1.0.0
168 silly fetch manifest isarray@0.0.1
169 silly fetch manifest string_decoder@~0.10.x
170 silly fetch manifest inherits@~2.0.1
171 http fetch GET 200 https://registry.npmjs.org/isarray 83ms (cache miss)
172 http fetch GET 200 https://registry.npmjs.org/inherits 82ms (cache miss)
173 http fetch GET 200 https://registry.npmjs.org/string_decoder 91ms (cache miss)
174 http fetch GET 200 https://registry.npmjs.org/core-util-is 207ms (cache miss)
175 timing idealTree:node_modules/duplexer2 Completed in 210ms
176 timing idealTree:node_modules/jsonfile Completed in 0ms
177 timing idealTree:node_modules/path-key Completed in 0ms
178 silly placeDep ROOT kleur@3.0.3 OK for: prompts@2.4.2 want: ^3.0.3
179 silly placeDep ROOT sisteransi@1.0.5 OK for: prompts@2.4.2 want: ^1.0.5
180 timing idealTree:node_modules/prompts Completed in 1ms
181 timing idealTree:node_modules/kleur Completed in 0ms
182 silly placeDep ROOT core-util-is@1.0.3 OK for: readable-stream@1.1.14 want: ~1.0.0
183 silly placeDep ROOT inherits@2.0.4 OK for: readable-stream@1.1.14 want: ~2.0.1
184 silly placeDep ROOT isarray@0.0.1 OK for: readable-stream@1.1.14 want: 0.0.1
185 silly placeDep ROOT string_decoder@0.10.31 OK for: readable-stream@1.1.14 want: ~0.10.x
186 timing idealTree:node_modules/readable-stream Completed in 3ms
187 timing idealTree:node_modules/core-util-is Completed in 0ms
188 timing idealTree:node_modules/inherits Completed in 0ms
189 timing idealTree:node_modules/isarray Completed in 0ms
190 silly placeDep ROOT lru-cache@6.0.0 OK for: semver@7.3.7 want: ^6.0.0
191 silly fetch manifest yallist@^4.0.0
192 http fetch GET 200 https://registry.npmjs.org/yallist 84ms (cache miss)
193 timing idealTree:node_modules/semver Completed in 86ms
194 silly placeDep ROOT yallist@4.0.0 OK for: lru-cache@6.0.0 want: ^4.0.0
195 timing idealTree:node_modules/lru-cache Completed in 0ms
196 silly placeDep ROOT shebang-regex@3.0.0 OK for: shebang-command@2.0.0 want: ^3.0.0
197 timing idealTree:node_modules/shebang-command Completed in 1ms
198 timing idealTree:node_modules/shebang-regex Completed in 0ms
199 timing idealTree:node_modules/sisteransi Completed in 0ms
200 timing idealTree:node_modules/string_decoder Completed in 0ms
201 silly placeDep ROOT has-flag@4.0.0 OK for: supports-color@7.2.0 want: ^4.0.0
202 timing idealTree:node_modules/supports-color Completed in 1ms
203 timing idealTree:node_modules/has-flag Completed in 0ms
204 silly placeDep ROOT debug@2.6.9 OK for: tar-pack@3.4.1 want: ^2.2.0
205 silly placeDep ROOT fstream@1.0.12 OK for: tar-pack@3.4.1 want: ^1.0.10
206 silly placeDep ROOT fstream-ignore@1.0.5 OK for: tar-pack@3.4.1 want: ^1.0.5
207 silly placeDep ROOT once@1.4.0 OK for: tar-pack@3.4.1 want: ^1.3.3
208 silly placeDep node_modules/tar-pack readable-stream@2.3.7 OK for: tar-pack@3.4.1 want: ^2.1.4
209 silly placeDep ROOT rimraf@2.7.1 OK for: tar-pack@3.4.1 want: ^2.5.1
210 silly placeDep ROOT tar@2.2.2 OK for: tar-pack@3.4.1 want: ^2.2.1
211 silly placeDep ROOT uid-number@0.0.6 OK for: tar-pack@3.4.1 want: ^0.0.6
212 silly fetch manifest ms@2.0.0
213 silly fetch manifest mkdirp@>=0.5 0
214 silly fetch manifest minimatch@^3.0.0
215 silly fetch manifest wrappy@1
216 silly fetch manifest isarray@~1.0.0
217 silly fetch manifest process-nextick-args@~2.0.0
218 silly fetch manifest safe-buffer@~5.1.1
219 silly fetch manifest string_decoder@~1.1.1
220 silly fetch manifest util-deprecate@~1.0.1
221 silly fetch manifest glob@^7.1.3
222 silly fetch manifest block-stream@*
223 http fetch GET 200 https://registry.npmjs.org/wrappy 97ms (cache miss)
224 http fetch GET 200 https://registry.npmjs.org/ms 101ms (cache miss)
225 http fetch GET 200 https://registry.npmjs.org/safe-buffer 97ms (cache miss)
226 http fetch GET 200 https://registry.npmjs.org/block-stream 96ms (cache miss)
227 http fetch GET 200 https://registry.npmjs.org/util-deprecate 99ms (cache miss)
228 http fetch GET 200 https://registry.npmjs.org/process-nextick-args 100ms (cache miss)
229 http fetch GET 200 https://registry.npmjs.org/mkdirp 102ms (cache miss)
230 http fetch GET 200 https://registry.npmjs.org/glob 100ms (cache miss)
231 http fetch GET 200 https://registry.npmjs.org/minimatch 103ms (cache miss)
232 timing idealTree:node_modules/tar-pack Completed in 114ms
233 silly placeDep ROOT ms@2.0.0 OK for: debug@2.6.9 want: 2.0.0
234 timing idealTree:node_modules/debug Completed in 1ms
235 silly placeDep ROOT mkdirp@0.5.6 OK for: fstream@1.0.12 want: >=0.5 0
236 silly fetch manifest minimist@^1.2.6
237 http fetch GET 200 https://registry.npmjs.org/minimist 95ms (cache miss)
238 timing idealTree:node_modules/fstream Completed in 96ms
239 silly placeDep ROOT minimatch@3.1.2 OK for: fstream-ignore@1.0.5 want: ^3.0.0
240 silly fetch manifest brace-expansion@^1.1.7
241 http fetch GET 200 https://registry.npmjs.org/brace-expansion 85ms (cache miss)
242 timing idealTree:node_modules/fstream-ignore Completed in 87ms
243 silly placeDep ROOT brace-expansion@1.1.11 OK for: minimatch@3.1.2 want: ^1.1.7
244 silly fetch manifest balanced-match@^1.0.0
245 silly fetch manifest concat-map@0.0.1
246 http fetch GET 200 https://registry.npmjs.org/concat-map 84ms (cache miss)
247 http fetch GET 200 https://registry.npmjs.org/balanced-match 96ms (cache miss)
248 timing idealTree:node_modules/minimatch Completed in 97ms
249 silly placeDep ROOT balanced-match@1.0.2 OK for: brace-expansion@1.1.11 want: ^1.0.0
250 silly placeDep ROOT concat-map@0.0.1 OK for: brace-expansion@1.1.11 want: 0.0.1
251 timing idealTree:node_modules/brace-expansion Completed in 2ms
252 timing idealTree:node_modules/balanced-match Completed in 0ms
253 timing idealTree:node_modules/concat-map Completed in 0ms
254 silly placeDep ROOT minimist@1.2.6 OK for: mkdirp@0.5.6 want: ^1.2.6
255 timing idealTree:node_modules/mkdirp Completed in 0ms
256 timing idealTree:node_modules/minimist Completed in 0ms
257 timing idealTree:node_modules/ms Completed in 0ms
258 silly placeDep ROOT wrappy@1.0.2 OK for: once@1.4.0 want: 1
259 timing idealTree:node_modules/once Completed in 0ms
260 silly placeDep ROOT glob@7.2.3 OK for: rimraf@2.7.1 want: ^7.1.3
261 silly fetch manifest fs.realpath@^1.0.0
262 silly fetch manifest inflight@^1.0.4
263 silly fetch manifest path-is-absolute@^1.0.0
264 http fetch GET 200 https://registry.npmjs.org/fs.realpath 82ms (cache miss)
265 http fetch GET 200 https://registry.npmjs.org/path-is-absolute 87ms (cache miss)
266 http fetch GET 200 https://registry.npmjs.org/inflight 90ms (cache miss)
267 timing idealTree:node_modules/rimraf Completed in 92ms
268 silly placeDep ROOT fs.realpath@1.0.0 OK for: glob@7.2.3 want: ^1.0.0
269 silly placeDep ROOT inflight@1.0.6 OK for: glob@7.2.3 want: ^1.0.4
270 silly placeDep ROOT path-is-absolute@1.0.1 OK for: glob@7.2.3 want: ^1.0.0
271 timing idealTree:node_modules/glob Completed in 2ms
272 timing idealTree:node_modules/fs.realpath Completed in 0ms
273 timing idealTree:node_modules/inflight Completed in 0ms
274 timing idealTree:node_modules/path-is-absolute Completed in 0ms
275 silly placeDep ROOT block-stream@0.0.9 OK for: tar@2.2.2 want: *
276 timing idealTree:node_modules/tar Completed in 1ms
277 timing idealTree:node_modules/block-stream Completed in 0ms
278 silly placeDep node_modules/through2 readable-stream@1.0.34 OK for: through2@0.6.5 want: >=1.0.33-1 <1.1.0-0
279 silly placeDep ROOT xtend@4.0.2 OK for: through2@0.6.5 want: >=4.0.0 <4.1.0-0
280 timing idealTree:node_modules/through2 Completed in 2ms
281 silly placeDep node_modules/tmp rimraf@3.0.2 OK for: tmp@0.2.1 want: ^3.0.0
282 timing idealTree:node_modules/tmp Completed in 1ms
283 timing idealTree:node_modules/uid-number Completed in 0ms
284 timing idealTree:node_modules/universalify Completed in 0ms
285 silly placeDep ROOT builtins@1.0.3 OK for: validate-npm-package-name@3.0.0 want: ^1.0.3
286 timing idealTree:node_modules/validate-npm-package-name Completed in 1ms
287 timing idealTree:node_modules/builtins Completed in 0ms
288 silly placeDep ROOT isexe@2.0.0 OK for: which@2.0.2 want: ^2.0.0
289 timing idealTree:node_modules/which Completed in 0ms
290 timing idealTree:node_modules/isexe Completed in 0ms
291 timing idealTree:node_modules/wrappy Completed in 0ms
292 timing idealTree:node_modules/xtend Completed in 0ms
293 timing idealTree:node_modules/yallist Completed in 0ms
294 silly placeDep node_modules/tar-pack isarray@1.0.0 OK for: readable-stream@2.3.7 want: ~1.0.0
295 silly placeDep ROOT process-nextick-args@2.0.1 OK for: readable-stream@2.3.7 want: ~2.0.0
296 silly placeDep ROOT safe-buffer@5.1.2 OK for: readable-stream@2.3.7 want: ~5.1.1
297 silly placeDep node_modules/tar-pack string_decoder@1.1.1 OK for: readable-stream@2.3.7 want: ~1.1.1
298 silly placeDep ROOT util-deprecate@1.0.2 OK for: readable-stream@2.3.7 want: ~1.0.1
299 timing idealTree:node_modules/tar-pack/node_modules/readable-stream Completed in 3ms
300 timing idealTree:node_modules/process-nextick-args Completed in 0ms
301 timing idealTree:node_modules/safe-buffer Completed in 0ms
302 timing idealTree:node_modules/util-deprecate Completed in 0ms
303 timing idealTree:node_modules/tar-pack/node_modules/isarray Completed in 0ms
304 timing idealTree:node_modules/tar-pack/node_modules/string_decoder Completed in 0ms
305 timing idealTree:node_modules/through2/node_modules/readable-stream Completed in 0ms
306 timing idealTree:node_modules/tmp/node_modules/rimraf Completed in 0ms
307 timing idealTree:buildDeps Completed in 3402ms
308 timing idealTree:fixDepFlags Completed in 0ms
309 timing idealTree Completed in 3412ms
310 timing reify:loadTrees Completed in 3412ms
311 timing reify:diffTrees Completed in 2ms
312 silly reify moves {}
313 timing reify:retireShallow Completed in 0ms
314 timing reify:createSparse Completed in 10ms
315 timing reify:loadBundles Completed in 0ms
316 silly audit bulk request {
316 silly audit   'create-react-app': [ '5.0.1' ],
316 silly audit   chalk: [ '4.1.2' ],
316 silly audit   commander: [ '4.1.1' ],
316 silly audit   'cross-spawn': [ '7.0.3' ],
316 silly audit   envinfo: [ '7.8.1' ],
316 silly audit   'fs-extra': [ '10.1.0' ],
316 silly audit   hyperquest: [ '2.1.3' ],
316 silly audit   prompts: [ '2.4.2' ],
316 silly audit   semver: [ '7.3.7' ],
316 silly audit   'tar-pack': [ '3.4.1' ],
316 silly audit   tmp: [ '0.2.1' ],
316 silly audit   'validate-npm-package-name': [ '3.0.0' ],
316 silly audit   'ansi-styles': [ '4.3.0' ],
316 silly audit   'supports-color': [ '7.2.0' ],
316 silly audit   'color-convert': [ '2.0.1' ],
316 silly audit   'color-name': [ '1.1.4' ],
316 silly audit   'path-key': [ '3.1.1' ],
316 silly audit   'shebang-command': [ '2.0.0' ],
316 silly audit   which: [ '2.0.2' ],
316 silly audit   'graceful-fs': [ '4.2.10' ],
316 silly audit   jsonfile: [ '6.1.0' ],
316 silly audit   universalify: [ '2.0.0' ],
316 silly audit   'buffer-from': [ '0.1.2' ],
316 silly audit   duplexer2: [ '0.0.2' ],
316 silly audit   through2: [ '0.6.5' ],
316 silly audit   'readable-stream': [ '1.1.14', '2.3.7', '1.0.34' ],
316 silly audit   kleur: [ '3.0.3' ],
316 silly audit   sisteransi: [ '1.0.5' ],
316 silly audit   'core-util-is': [ '1.0.3' ],
316 silly audit   inherits: [ '2.0.4' ],
316 silly audit   isarray: [ '0.0.1', '1.0.0' ],
316 silly audit   string_decoder: [ '0.10.31', '1.1.1' ],
316 silly audit   'lru-cache': [ '6.0.0' ],
316 silly audit   yallist: [ '4.0.0' ],
316 silly audit   'shebang-regex': [ '3.0.0' ],
316 silly audit   'has-flag': [ '4.0.0' ],
316 silly audit   debug: [ '2.6.9' ],
316 silly audit   fstream: [ '1.0.12' ],
316 silly audit   'fstream-ignore': [ '1.0.5' ],
316 silly audit   once: [ '1.4.0' ],
316 silly audit   rimraf: [ '2.7.1', '3.0.2' ],
316 silly audit   tar: [ '2.2.2' ],
316 silly audit   'uid-number': [ '0.0.6' ],
316 silly audit   ms: [ '2.0.0' ],
316 silly audit   mkdirp: [ '0.5.6' ],
316 silly audit   minimatch: [ '3.1.2' ],
316 silly audit   'brace-expansion': [ '1.1.11' ],
316 silly audit   'balanced-match': [ '1.0.2' ],
316 silly audit   'concat-map': [ '0.0.1' ],
316 silly audit   minimist: [ '1.2.6' ],
316 silly audit   wrappy: [ '1.0.2' ],
316 silly audit   glob: [ '7.2.3' ],
316 silly audit   'fs.realpath': [ '1.0.0' ],
316 silly audit   inflight: [ '1.0.6' ],
316 silly audit   'path-is-absolute': [ '1.0.1' ],
316 silly audit   'block-stream': [ '0.0.9' ],
316 silly audit   xtend: [ '4.0.2' ],
316 silly audit   builtins: [ '1.0.3' ],
316 silly audit   isexe: [ '2.0.0' ],
316 silly audit   'process-nextick-args': [ '2.0.1' ],
316 silly audit   'safe-buffer': [ '5.1.2' ],
316 silly audit   'util-deprecate': [ '1.0.2' ]
316 silly audit }
317 silly tarball no local data for util-deprecate@https://registry.npmjs.org/util-deprecate/-/util-deprecate-1.0.2.tgz. Extracting by manifest.
318 silly tarball no local data for safe-buffer@https://registry.npmjs.org/safe-buffer/-/safe-buffer-5.1.2.tgz. Extracting by manifest.
319 silly tarball no local data for process-nextick-args@https://registry.npmjs.org/process-nextick-args/-/process-nextick-args-2.0.1.tgz. Extracting by manifest.
320 silly tarball no local data for isexe@https://registry.npmjs.org/isexe/-/isexe-2.0.0.tgz. Extracting by manifest.
321 silly tarball no local data for builtins@https://registry.npmjs.org/builtins/-/builtins-1.0.3.tgz. Extracting by manifest.
322 silly tarball no local data for xtend@https://registry.npmjs.org/xtend/-/xtend-4.0.2.tgz. Extracting by manifest.
323 silly tarball no local data for block-stream@https://registry.npmjs.org/block-stream/-/block-stream-0.0.9.tgz. Extracting by manifest.
324 silly tarball no local data for path-is-absolute@https://registry.npmjs.org/path-is-absolute/-/path-is-absolute-1.0.1.tgz. Extracting by manifest.
325 silly tarball no local data for inflight@https://registry.npmjs.org/inflight/-/inflight-1.0.6.tgz. Extracting by manifest.
326 silly tarball no local data for fs.realpath@https://registry.npmjs.org/fs.realpath/-/fs.realpath-1.0.0.tgz. Extracting by manifest.
327 silly tarball no local data for glob@https://registry.npmjs.org/glob/-/glob-7.2.3.tgz. Extracting by manifest.
328 silly tarball no local data for wrappy@https://registry.npmjs.org/wrappy/-/wrappy-1.0.2.tgz. Extracting by manifest.
329 silly tarball no local data for minimist@https://registry.npmjs.org/minimist/-/minimist-1.2.6.tgz. Extracting by manifest.
330 silly tarball no local data for concat-map@https://registry.npmjs.org/concat-map/-/concat-map-0.0.1.tgz. Extracting by manifest.
331 silly tarball no local data for balanced-match@https://registry.npmjs.org/balanced-match/-/balanced-match-1.0.2.tgz. Extracting by manifest.
332 silly tarball no local data for brace-expansion@https://registry.npmjs.org/brace-expansion/-/brace-expansion-1.1.11.tgz. Extracting by manifest.
333 silly tarball no local data for minimatch@https://registry.npmjs.org/minimatch/-/minimatch-3.1.2.tgz. Extracting by manifest.
334 silly tarball no local data for mkdirp@https://registry.npmjs.org/mkdirp/-/mkdirp-0.5.6.tgz. Extracting by manifest.
335 silly tarball no local data for ms@https://registry.npmjs.org/ms/-/ms-2.0.0.tgz. Extracting by manifest.
336 silly tarball no local data for uid-number@https://registry.npmjs.org/uid-number/-/uid-number-0.0.6.tgz. Extracting by manifest.
337 silly tarball no local data for tar@https://registry.npmjs.org/tar/-/tar-2.2.2.tgz. Extracting by manifest.
338 silly tarball no local data for rimraf@https://registry.npmjs.org/rimraf/-/rimraf-2.7.1.tgz. Extracting by manifest.
339 silly tarball no local data for once@https://registry.npmjs.org/once/-/once-1.4.0.tgz. Extracting by manifest.
340 silly tarball no local data for fstream-ignore@https://registry.npmjs.org/fstream-ignore/-/fstream-ignore-1.0.5.tgz. Extracting by manifest.
341 silly tarball no local data for fstream@https://registry.npmjs.org/fstream/-/fstream-1.0.12.tgz. Extracting by manifest.
342 silly tarball no local data for debug@https://registry.npmjs.org/debug/-/debug-2.6.9.tgz. Extracting by manifest.
343 silly tarball no local data for has-flag@https://registry.npmjs.org/has-flag/-/has-flag-4.0.0.tgz. Extracting by manifest.
344 silly tarball no local data for shebang-regex@https://registry.npmjs.org/shebang-regex/-/shebang-regex-3.0.0.tgz. Extracting by manifest.
345 silly tarball no local data for yallist@https://registry.npmjs.org/yallist/-/yallist-4.0.0.tgz. Extracting by manifest.
346 silly tarball no local data for lru-cache@https://registry.npmjs.org/lru-cache/-/lru-cache-6.0.0.tgz. Extracting by manifest.
347 silly tarball no local data for isarray@https://registry.npmjs.org/isarray/-/isarray-0.0.1.tgz. Extracting by manifest.
348 silly tarball no local data for inherits@https://registry.npmjs.org/inherits/-/inherits-2.0.4.tgz. Extracting by manifest.
349 silly tarball no local data for string_decoder@https://registry.npmjs.org/string_decoder/-/string_decoder-0.10.31.tgz. Extracting by manifest.
350 silly tarball no local data for core-util-is@https://registry.npmjs.org/core-util-is/-/core-util-is-1.0.3.tgz. Extracting by manifest.
351 silly tarball no local data for kleur@https://registry.npmjs.org/kleur/-/kleur-3.0.3.tgz. Extracting by manifest.
352 silly tarball no local data for readable-stream@https://registry.npmjs.org/readable-stream/-/readable-stream-1.1.14.tgz. Extracting by manifest.
353 silly tarball no local data for through2@https://registry.npmjs.org/through2/-/through2-0.6.5.tgz. Extracting by manifest.
354 silly tarball no local data for duplexer2@https://registry.npmjs.org/duplexer2/-/duplexer2-0.0.2.tgz. Extracting by manifest.
355 silly tarball no local data for buffer-from@https://registry.npmjs.org/buffer-from/-/buffer-from-0.1.2.tgz. Extracting by manifest.
356 silly tarball no local data for universalify@https://registry.npmjs.org/universalify/-/universalify-2.0.0.tgz. Extracting by manifest.
357 silly tarball no local data for graceful-fs@https://registry.npmjs.org/graceful-fs/-/graceful-fs-4.2.10.tgz. Extracting by manifest.
358 silly tarball no local data for jsonfile@https://registry.npmjs.org/jsonfile/-/jsonfile-6.1.0.tgz. Extracting by manifest.
359 silly tarball no local data for shebang-command@https://registry.npmjs.org/shebang-command/-/shebang-command-2.0.0.tgz. Extracting by manifest.
360 silly tarball no local data for path-key@https://registry.npmjs.org/path-key/-/path-key-3.1.1.tgz. Extracting by manifest.
361 silly tarball no local data for color-name@https://registry.npmjs.org/color-name/-/color-name-1.1.4.tgz. Extracting by manifest.
362 silly tarball no local data for color-convert@https://registry.npmjs.org/color-convert/-/color-convert-2.0.1.tgz. Extracting by manifest.
363 silly tarball no local data for supports-color@https://registry.npmjs.org/supports-color/-/supports-color-7.2.0.tgz. Extracting by manifest.
364 silly tarball no local data for ansi-styles@https://registry.npmjs.org/ansi-styles/-/ansi-styles-4.3.0.tgz. Extracting by manifest.
365 silly tarball no local data for validate-npm-package-name@https://registry.npmjs.org/validate-npm-package-name/-/validate-npm-package-name-3.0.0.tgz. Extracting by manifest.
366 silly tarball no local data for tmp@https://registry.npmjs.org/tmp/-/tmp-0.2.1.tgz. Extracting by manifest.
367 silly tarball no local data for tar-pack@https://registry.npmjs.org/tar-pack/-/tar-pack-3.4.1.tgz. Extracting by manifest.
368 silly tarball no local data for semver@https://registry.npmjs.org/semver/-/semver-7.3.7.tgz. Extracting by manifest.
369 silly tarball no local data for prompts@https://registry.npmjs.org/prompts/-/prompts-2.4.2.tgz. Extracting by manifest.
370 silly tarball no local data for hyperquest@https://registry.npmjs.org/hyperquest/-/hyperquest-2.1.3.tgz. Extracting by manifest.
371 silly tarball no local data for fs-extra@https://registry.npmjs.org/fs-extra/-/fs-extra-10.1.0.tgz. Extracting by manifest.
372 silly tarball no local data for cross-spawn@https://registry.npmjs.org/cross-spawn/-/cross-spawn-7.0.3.tgz. Extracting by manifest.
373 silly tarball no local data for envinfo@https://registry.npmjs.org/envinfo/-/envinfo-7.8.1.tgz. Extracting by manifest.
374 silly tarball no local data for commander@https://registry.npmjs.org/commander/-/commander-4.1.1.tgz. Extracting by manifest.
375 silly tarball no local data for chalk@https://registry.npmjs.org/chalk/-/chalk-4.1.2.tgz. Extracting by manifest.
376 silly tarball no local data for which@https://registry.npmjs.org/which/-/which-2.0.2.tgz. Extracting by manifest.
377 silly tarball no local data for sisteransi@https://registry.npmjs.org/sisteransi/-/sisteransi-1.0.5.tgz. Extracting by manifest.
378 silly tarball no local data for create-react-app@https://registry.npmjs.org/create-react-app/-/create-react-app-5.0.1.tgz. Extracting by manifest.
379 silly tarball no local data for readable-stream@https://registry.npmjs.org/readable-stream/-/readable-stream-1.0.34.tgz. Extracting by manifest.
380 silly tarball no local data for rimraf@https://registry.npmjs.org/rimraf/-/rimraf-3.0.2.tgz. Extracting by manifest.
381 silly tarball no local data for string_decoder@https://registry.npmjs.org/string_decoder/-/string_decoder-1.1.1.tgz. Extracting by manifest.
382 silly tarball no local data for isarray@https://registry.npmjs.org/isarray/-/isarray-1.0.0.tgz. Extracting by manifest.
383 silly tarball no local data for readable-stream@https://registry.npmjs.org/readable-stream/-/readable-stream-2.3.7.tgz. Extracting by manifest.
384 http fetch GET 200 https://registry.npmjs.org/block-stream/-/block-stream-0.0.9.tgz 158ms (cache miss)
385 timing reifyNode:node_modules/block-stream Completed in 188ms
386 http fetch GET 200 https://registry.npmjs.org/process-nextick-args/-/process-nextick-args-2.0.1.tgz 160ms (cache miss)
387 timing reifyNode:node_modules/process-nextick-args Completed in 188ms
388 http fetch GET 200 https://registry.npmjs.org/util-deprecate/-/util-deprecate-1.0.2.tgz 164ms (cache miss)
389 timing reifyNode:node_modules/util-deprecate Completed in 191ms
390 http fetch GET 200 https://registry.npmjs.org/inflight/-/inflight-1.0.6.tgz 159ms (cache miss)
391 timing reifyNode:node_modules/inflight Completed in 191ms
392 http fetch GET 200 https://registry.npmjs.org/builtins/-/builtins-1.0.3.tgz 166ms (cache miss)
393 timing reifyNode:node_modules/builtins Completed in 195ms
394 http fetch GET 200 https://registry.npmjs.org/fs.realpath/-/fs.realpath-1.0.0.tgz 165ms (cache miss)
395 timing reifyNode:node_modules/fs.realpath Completed in 196ms
396 http fetch GET 200 https://registry.npmjs.org/isexe/-/isexe-2.0.0.tgz 169ms (cache miss)
397 timing reifyNode:node_modules/isexe Completed in 198ms
398 http fetch GET 200 https://registry.npmjs.org/path-is-absolute/-/path-is-absolute-1.0.1.tgz 167ms (cache miss)
399 timing reifyNode:node_modules/path-is-absolute Completed in 198ms
400 http fetch GET 200 https://registry.npmjs.org/safe-buffer/-/safe-buffer-5.1.2.tgz 170ms (cache miss)
401 timing reifyNode:node_modules/safe-buffer Completed in 198ms
402 http fetch GET 200 https://registry.npmjs.org/concat-map/-/concat-map-0.0.1.tgz 164ms (cache miss)
403 timing reifyNode:node_modules/concat-map Completed in 198ms
404 http fetch GET 200 https://registry.npmjs.org/wrappy/-/wrappy-1.0.2.tgz 169ms (cache miss)
405 timing reifyNode:node_modules/wrappy Completed in 202ms
406 http fetch GET 200 https://registry.npmjs.org/balanced-match/-/balanced-match-1.0.2.tgz 172ms (cache miss)
407 timing reifyNode:node_modules/balanced-match Completed in 206ms
408 http fetch GET 200 https://registry.npmjs.org/xtend/-/xtend-4.0.2.tgz 181ms (cache miss)
409 timing reifyNode:node_modules/xtend Completed in 211ms
410 http fetch GET 200 https://registry.npmjs.org/brace-expansion/-/brace-expansion-1.1.11.tgz 187ms (cache miss)
411 timing reifyNode:node_modules/brace-expansion Completed in 222ms
412 http fetch GET 200 https://registry.npmjs.org/minimist/-/minimist-1.2.6.tgz 197ms (cache miss)
413 http fetch GET 200 https://registry.npmjs.org/once/-/once-1.4.0.tgz 199ms (cache miss)
414 timing reifyNode:node_modules/once Completed in 237ms
415 timing reifyNode:node_modules/minimist Completed in 240ms
416 http fetch GET 200 https://registry.npmjs.org/ms/-/ms-2.0.0.tgz 205ms (cache miss)
417 timing reifyNode:node_modules/ms Completed in 241ms
418 http fetch GET 200 https://registry.npmjs.org/mkdirp/-/mkdirp-0.5.6.tgz 205ms (cache miss)
419 timing reifyNode:node_modules/mkdirp Completed in 241ms
420 http fetch GET 200 https://registry.npmjs.org/rimraf/-/rimraf-2.7.1.tgz 203ms (cache miss)
421 timing reifyNode:node_modules/rimraf Completed in 241ms
422 http fetch GET 200 https://registry.npmjs.org/glob/-/glob-7.2.3.tgz 217ms (cache miss)
423 timing reifyNode:node_modules/glob Completed in 249ms
424 http fetch GET 200 https://registry.npmjs.org/minimatch/-/minimatch-3.1.2.tgz 214ms (cache miss)
425 timing reifyNode:node_modules/minimatch Completed in 249ms
426 http fetch GET 200 https://registry.npmjs.org/fstream-ignore/-/fstream-ignore-1.0.5.tgz 213ms (cache miss)
427 timing reifyNode:node_modules/fstream-ignore Completed in 254ms
428 http fetch GET 200 https://registry.npmjs.org/has-flag/-/has-flag-4.0.0.tgz 217ms (cache miss)
429 timing reifyNode:node_modules/has-flag Completed in 260ms
430 http fetch POST 200 https://registry.npmjs.org/-/npm/v1/security/advisories/bulk 272ms
431 timing auditReport:getReport Completed in 274ms
432 silly audit report {
432 silly audit report   tar: [
432 silly audit report     {
432 silly audit report       id: 1070363,
432 silly audit report       url: 'https://github.com/advisories/GHSA-5955-9wpr-37jh',
432 silly audit report       title: 'Arbitrary File Creation/Overwrite on Windows via insufficient relative path sanitization',
432 silly audit report       severity: 'high',
432 silly audit report       vulnerable_versions: '<4.4.18',
432 silly audit report       cwe: [Array],
432 silly audit report       cvss: [Object]
432 silly audit report     },
432 silly audit report     {
432 silly audit report       id: 1070366,
432 silly audit report       url: 'https://github.com/advisories/GHSA-qq89-hq3f-393p',
432 silly audit report       title: 'Arbitrary File Creation/Overwrite via insufficient symlink protection due to directory cache poisoning using symbolic links',
432 silly audit report       severity: 'high',
432 silly audit report       vulnerable_versions: '<4.4.18',
432 silly audit report       cwe: [Array],
432 silly audit report       cvss: [Object]
432 silly audit report     },
432 silly audit report     {
432 silly audit report       id: 1070369,
432 silly audit report       url: 'https://github.com/advisories/GHSA-9r2w-394v-53qc',
432 silly audit report       title: 'Arbitrary File Creation/Overwrite via insufficient symlink protection due to directory cache poisoning using symbolic links',
432 silly audit report       severity: 'high',
432 silly audit report       vulnerable_versions: '<4.4.16',
432 silly audit report       cwe: [Array],
432 silly audit report       cvss: [Object]
432 silly audit report     },
432 silly audit report     {
432 silly audit report       id: 1070373,
432 silly audit report       url: 'https://github.com/advisories/GHSA-3jfq-g458-7qm9',
432 silly audit report       title: 'Arbitrary File Creation/Overwrite due to insufficient absolute path sanitization',
432 silly audit report       severity: 'high',
432 silly audit report       vulnerable_versions: '<3.2.2',
432 silly audit report       cwe: [Array],
432 silly audit report       cvss: [Object]
432 silly audit report     },
432 silly audit report     {
432 silly audit report       id: 1080912,
432 silly audit report       url: 'https://github.com/advisories/GHSA-r628-mhmh-qjhw',
432 silly audit report       title: 'Arbitrary File Creation/Overwrite via insufficient symlink protection due to directory cache poisoning',
432 silly audit report       severity: 'high',
432 silly audit report       vulnerable_versions: '<3.2.3',
432 silly audit report       cwe: [Array],
432 silly audit report       cvss: [Object]
432 silly audit report     }
432 silly audit report   ]
432 silly audit report }
433 timing metavuln:packument:tar Completed in 1ms
434 timing metavuln:cache:get:security-advisory:tar:XujiZMRfQGqBn+muOIgJKorJGxHZWAPy1mSGJE55PXbeI4TkLlduJZpftaMToAR4Vp9HPP/lDMnX/YRn0Nb+CA== Completed in 6ms
435 timing metavuln:load:security-advisory:tar:1070363 Completed in 3ms
436 timing metavuln:cache:get:security-advisory:tar:onMwyyRWKDIKkHlpvR4WBcQKgy6y6HkyIOgIyxjN0szZTG3bi8chVqaNG2GqpoT4yvoRxOA8HoW/cnBYpfH5NQ== Completed in 9ms
437 timing metavuln:load:security-advisory:tar:1070366 Completed in 2ms
438 timing metavuln:cache:get:security-advisory:tar:arzBB+Jr2MtzGPkZgR28EcdoeK9dMOVvzSNEwcx9iak3/E8KVVofBp2Becjpj5er/b9OCwH2NQ4Bc9zLNc8Jow== Completed in 11ms
439 timing metavuln:load:security-advisory:tar:1070369 Completed in 2ms
440 timing metavuln:cache:get:security-advisory:tar:XnerVKiIgwrQa5WNW269ilpgPlIRnjA0WsvBJuMrmWg54GkYK+dYelPBwEWowtEpltYdxNJp5UV0YY7ffHC2XA== Completed in 13ms
441 timing metavuln:load:security-advisory:tar:1070373 Completed in 2ms
442 timing metavuln:cache:get:security-advisory:tar:Ge39MOSQCbPdvSDSV7TYh2dJ14JccLpX2PqWO0kPV+dWgXZfHKPYysF9+ZbWx700p91uNKqfsIBnSzs6qDrmGg== Completed in 16ms
443 timing metavuln:load:security-advisory:tar:1080912 Completed in 1ms
444 http fetch GET 200 https://registry.npmjs.org/yallist/-/yallist-4.0.0.tgz 246ms (cache miss)
445 timing reifyNode:node_modules/yallist Completed in 290ms
446 http fetch GET 200 https://registry.npmjs.org/shebang-regex/-/shebang-regex-3.0.0.tgz 256ms (cache miss)
447 timing reifyNode:node_modules/shebang-regex Completed in 301ms
448 http fetch GET 200 https://registry.npmjs.org/inherits/-/inherits-2.0.4.tgz 255ms (cache miss)
449 timing reifyNode:node_modules/inherits Completed in 301ms
450 http fetch GET 200 https://registry.npmjs.org/string_decoder/-/string_decoder-0.10.31.tgz 262ms (cache miss)
451 timing reifyNode:node_modules/string_decoder Completed in 308ms
452 http fetch GET 200 https://registry.npmjs.org/uid-number/-/uid-number-0.0.6.tgz 271ms (cache miss)
453 timing reifyNode:node_modules/uid-number Completed in 308ms
454 http fetch GET 200 https://registry.npmjs.org/lru-cache/-/lru-cache-6.0.0.tgz 275ms (cache miss)
455 timing reifyNode:node_modules/lru-cache Completed in 320ms
456 http fetch GET 200 https://registry.npmjs.org/isarray/-/isarray-0.0.1.tgz 282ms (cache miss)
457 timing reifyNode:node_modules/isarray Completed in 328ms
458 http fetch GET 200 https://registry.npmjs.org/buffer-from/-/buffer-from-0.1.2.tgz 274ms (cache miss)
459 timing reifyNode:node_modules/buffer-from Completed in 327ms
460 http fetch GET 200 https://registry.npmjs.org/kleur/-/kleur-3.0.3.tgz 283ms (cache miss)
461 timing reifyNode:node_modules/kleur Completed in 331ms
462 http fetch GET 200 https://registry.npmjs.org/core-util-is/-/core-util-is-1.0.3.tgz 285ms (cache miss)
463 timing reifyNode:node_modules/core-util-is Completed in 332ms
464 http fetch GET 200 https://registry.npmjs.org/through2/-/through2-0.6.5.tgz 287ms (cache miss)
465 timing reifyNode:node_modules/through2 Completed in 336ms
466 http fetch GET 200 https://registry.npmjs.org/duplexer2/-/duplexer2-0.0.2.tgz 287ms (cache miss)
467 timing reifyNode:node_modules/duplexer2 Completed in 335ms
468 http fetch GET 200 https://registry.npmjs.org/debug/-/debug-2.6.9.tgz 297ms (cache miss)
469 timing reifyNode:node_modules/debug Completed in 340ms
470 http fetch GET 200 https://registry.npmjs.org/readable-stream/-/readable-stream-1.1.14.tgz 297ms (cache miss)
471 http fetch GET 200 https://registry.npmjs.org/shebang-command/-/shebang-command-2.0.0.tgz 289ms (cache miss)
472 timing reifyNode:node_modules/shebang-command Completed in 344ms
473 http fetch GET 200 https://registry.npmjs.org/graceful-fs/-/graceful-fs-4.2.10.tgz 293ms (cache miss)
474 timing reifyNode:node_modules/graceful-fs Completed in 347ms
475 http fetch GET 200 https://registry.npmjs.org/jsonfile/-/jsonfile-6.1.0.tgz 292ms (cache miss)
476 timing reifyNode:node_modules/jsonfile Completed in 347ms
477 http fetch GET 200 https://registry.npmjs.org/color-name/-/color-name-1.1.4.tgz 291ms (cache miss)
478 timing reifyNode:node_modules/color-name Completed in 347ms
479 http fetch GET 200 https://registry.npmjs.org/supports-color/-/supports-color-7.2.0.tgz 289ms (cache miss)
480 timing reifyNode:node_modules/supports-color Completed in 347ms
481 timing reifyNode:node_modules/readable-stream Completed in 351ms
482 http fetch GET 200 https://registry.npmjs.org/universalify/-/universalify-2.0.0.tgz 297ms (cache miss)
483 timing reifyNode:node_modules/universalify Completed in 350ms
484 http fetch GET 200 https://registry.npmjs.org/color-convert/-/color-convert-2.0.1.tgz 296ms (cache miss)
485 timing reifyNode:node_modules/color-convert Completed in 353ms
486 http fetch GET 200 https://registry.npmjs.org/path-key/-/path-key-3.1.1.tgz 299ms (cache miss)
487 timing reifyNode:node_modules/path-key Completed in 355ms
488 http fetch GET 200 https://registry.npmjs.org/validate-npm-package-name/-/validate-npm-package-name-3.0.0.tgz 300ms (cache miss)
489 timing reifyNode:node_modules/validate-npm-package-name Completed in 359ms
490 http fetch GET 200 https://registry.npmjs.org/sisteransi/-/sisteransi-1.0.5.tgz 289ms (cache miss)
491 timing reifyNode:node_modules/sisteransi Completed in 361ms
492 http fetch GET 200 https://registry.npmjs.org/ansi-styles/-/ansi-styles-4.3.0.tgz 305ms (cache miss)
493 timing reifyNode:node_modules/ansi-styles Completed in 363ms
494 http fetch GET 200 https://registry.npmjs.org/tar-pack/-/tar-pack-3.4.1.tgz 303ms (cache miss)
495 timing metavuln:cache:put:security-advisory:tar:arzBB+Jr2MtzGPkZgR28EcdoeK9dMOVvzSNEwcx9iak3/E8KVVofBp2Becjpj5er/b9OCwH2NQ4Bc9zLNc8Jow== Completed in 82ms
496 timing metavuln:calculate:security-advisory:tar:1070369 Completed in 95ms
497 http fetch GET 200 https://registry.npmjs.org/create-react-app/-/create-react-app-5.0.1.tgz 291ms (cache miss)
498 timing reifyNode:node_modules/create-react-app Completed in 364ms
499 timing reifyNode:node_modules/tar-pack Completed in 366ms
500 http fetch GET 200 https://registry.npmjs.org/hyperquest/-/hyperquest-2.1.3.tgz 304ms (cache miss)
501 http fetch GET 200 https://registry.npmjs.org/isarray/-/isarray-1.0.0.tgz 291ms (cache miss)
502 timing reifyNode:node_modules/tar-pack/node_modules/isarray Completed in 367ms
503 timing metavuln:cache:put:security-advisory:tar:XujiZMRfQGqBn+muOIgJKorJGxHZWAPy1mSGJE55PXbeI4TkLlduJZpftaMToAR4Vp9HPP/lDMnX/YRn0Nb+CA== Completed in 92ms
504 timing metavuln:calculate:security-advisory:tar:1070363 Completed in 101ms
505 timing metavuln:cache:put:security-advisory:tar:onMwyyRWKDIKkHlpvR4WBcQKgy6y6HkyIOgIyxjN0szZTG3bi8chVqaNG2GqpoT4yvoRxOA8HoW/cnBYpfH5NQ== Completed in 89ms
506 timing metavuln:calculate:security-advisory:tar:1070366 Completed in 100ms
507 timing metavuln:cache:put:security-advisory:tar:XnerVKiIgwrQa5WNW269ilpgPlIRnjA0WsvBJuMrmWg54GkYK+dYelPBwEWowtEpltYdxNJp5UV0YY7ffHC2XA== Completed in 85ms
508 timing metavuln:calculate:security-advisory:tar:1070373 Completed in 100ms
509 timing metavuln:cache:put:security-advisory:tar:Ge39MOSQCbPdvSDSV7TYh2dJ14JccLpX2PqWO0kPV+dWgXZfHKPYysF9+ZbWx700p91uNKqfsIBnSzs6qDrmGg== Completed in 83ms
510 timing metavuln:calculate:security-advisory:tar:1080912 Completed in 100ms
511 timing metavuln:packument:tar-pack Completed in 0ms
512 http fetch GET 200 https://registry.npmjs.org/chalk/-/chalk-4.1.2.tgz 304ms (cache miss)
513 timing reifyNode:node_modules/chalk Completed in 369ms
514 http fetch GET 200 https://registry.npmjs.org/cross-spawn/-/cross-spawn-7.0.3.tgz 306ms (cache miss)
515 timing reifyNode:node_modules/cross-spawn Completed in 369ms
516 http fetch GET 200 https://registry.npmjs.org/string_decoder/-/string_decoder-1.1.1.tgz 296ms (cache miss)
517 timing reifyNode:node_modules/tar-pack/node_modules/string_decoder Completed in 371ms
518 http fetch GET 200 https://registry.npmjs.org/tmp/-/tmp-0.2.1.tgz 312ms (cache miss)
519 timing reifyNode:node_modules/tmp Completed in 371ms
520 timing metavuln:cache:get:security-advisory:tar-pack:ZNMfjpLwTywcxA00sp7T+yuzlPkMRfR6dIDXX/o8xMDkcKTYDn9xIFSikJ5viYCf9Bf7w38hq7+JKD1oE9AmXA== Completed in 4ms
521 timing metavuln:load:security-advisory:tar-pack:XujiZMRfQGqBn+muOIgJKorJGxHZWAPy1mSGJE55PXbeI4TkLlduJZpftaMToAR4Vp9HPP/lDMnX/YRn0Nb+CA== Completed in 1ms
522 http fetch GET 200 https://registry.npmjs.org/readable-stream/-/readable-stream-1.0.34.tgz 300ms (cache miss)
523 timing reifyNode:node_modules/through2/node_modules/readable-stream Completed in 376ms
524 http fetch GET 200 https://registry.npmjs.org/which/-/which-2.0.2.tgz 305ms (cache miss)
525 timing reifyNode:node_modules/which Completed in 375ms
526 http fetch GET 200 https://registry.npmjs.org/rimraf/-/rimraf-3.0.2.tgz 301ms (cache miss)
527 timing reifyNode:node_modules/tmp/node_modules/rimraf Completed in 376ms
528 http fetch GET 200 https://registry.npmjs.org/envinfo/-/envinfo-7.8.1.tgz 312ms (cache miss)
529 timing reifyNode:node_modules/envinfo Completed in 376ms
530 timing reifyNode:node_modules/hyperquest Completed in 378ms
531 http fetch GET 200 https://registry.npmjs.org/commander/-/commander-4.1.1.tgz 313ms (cache miss)
532 timing reifyNode:node_modules/commander Completed in 378ms
533 http fetch GET 200 https://registry.npmjs.org/fstream/-/fstream-1.0.12.tgz 341ms (cache miss)
534 timing reifyNode:node_modules/fstream Completed in 383ms
535 timing metavuln:cache:put:security-advisory:tar-pack:ZNMfjpLwTywcxA00sp7T+yuzlPkMRfR6dIDXX/o8xMDkcKTYDn9xIFSikJ5viYCf9Bf7w38hq7+JKD1oE9AmXA== Completed in 14ms
536 timing metavuln:calculate:security-advisory:tar-pack:XujiZMRfQGqBn+muOIgJKorJGxHZWAPy1mSGJE55PXbeI4TkLlduJZpftaMToAR4Vp9HPP/lDMnX/YRn0Nb+CA== Completed in 19ms
537 timing metavuln:packument:create-react-app Completed in 0ms
538 timing metavuln:cache:get:security-advisory:create-react-app:wF8Uqk7KSVQUMMrw38iy+Rcnx1B+E9X+e2nTtkubjL3UCTp5H5nVwe04Hmr8x2pALDcP0B6T+L9pFgVXKsrhOw== Completed in 1ms
539 timing metavuln:load:security-advisory:create-react-app:ZNMfjpLwTywcxA00sp7T+yuzlPkMRfR6dIDXX/o8xMDkcKTYDn9xIFSikJ5viYCf9Bf7w38hq7+JKD1oE9AmXA== Completed in 4ms
540 http fetch GET 200 https://registry.npmjs.org/readable-stream/-/readable-stream-2.3.7.tgz 318ms (cache miss)
541 timing reifyNode:node_modules/tar-pack/node_modules/readable-stream Completed in 397ms
542 timing metavuln:cache:put:security-advisory:create-react-app:wF8Uqk7KSVQUMMrw38iy+Rcnx1B+E9X+e2nTtkubjL3UCTp5H5nVwe04Hmr8x2pALDcP0B6T+L9pFgVXKsrhOw== Completed in 11ms
543 timing metavuln:calculate:security-advisory:create-react-app:ZNMfjpLwTywcxA00sp7T+yuzlPkMRfR6dIDXX/o8xMDkcKTYDn9xIFSikJ5viYCf9Bf7w38hq7+JKD1oE9AmXA== Completed in 16ms
544 timing auditReport:init Completed in 145ms
545 timing reify:audit Completed in 420ms
546 http fetch GET 200 https://registry.npmjs.org/fs-extra/-/fs-extra-10.1.0.tgz 352ms (cache miss)
547 timing reifyNode:node_modules/fs-extra Completed in 415ms
548 http fetch GET 200 https://registry.npmjs.org/semver/-/semver-7.3.7.tgz 358ms (cache miss)
549 timing reifyNode:node_modules/semver Completed in 419ms
550 http fetch GET 200 https://registry.npmjs.org/prompts/-/prompts-2.4.2.tgz 366ms (cache miss)
551 timing reifyNode:node_modules/prompts Completed in 427ms
552 http fetch GET 200 https://registry.npmjs.org/tar/-/tar-2.2.2.tgz 398ms (cache miss)
553 warn deprecated tar@2.2.2: This version of tar is no longer supported, and will not receive security updates. Please upgrade asap.
554 timing reifyNode:node_modules/tar Completed in 436ms
555 timing reify:unpack Completed in 437ms
556 timing reify:unretire Completed in 0ms
557 timing build:queue Completed in 2ms
558 timing build:link:node_modules/create-react-app Completed in 4ms
559 timing build:link:node_modules/tmp/node_modules/rimraf Completed in 3ms
560 timing build:link:node_modules/semver Completed in 3ms
561 timing build:link:node_modules/which Completed in 3ms
562 timing build:link:node_modules/envinfo Completed in 3ms
563 timing build:link:node_modules/mkdirp Completed in 3ms
564 timing build:link:node_modules/rimraf Completed in 3ms
565 timing build:link Completed in 4ms
566 timing build:deps Completed in 6ms
567 timing build Completed in 6ms
568 timing reify:build Completed in 6ms
569 timing reify:trash Completed in 0ms
570 timing reify:save Completed in 10ms
571 timing reify Completed in 3891ms
572 timing command:exec Completed in 86539ms
573 notice
573 notice New [32mpatch[39m version of npm available! [31m8.15.0[39m -> [32m8.15.1[39m
573 notice Changelog: [36mhttps://github.com/npm/cli/releases/tag/v8.15.1[39m
573 notice Run [32mnpm install -g npm@8.15.1[39m to update!
573 notice
574 verbose exit 0
575 timing npm Completed in 86609ms
576 info ok
