0 verbose cli /usr/bin/node /usr/bin/npm
1 info using npm@8.15.0
2 info using node@v18.7.0
3 timing npm:load:whichnode Completed in 0ms
4 timing config:load:defaults Completed in 1ms
5 timing config:load:file:/usr/lib/node_modules/npm/npmrc Completed in 1ms
6 timing config:load:builtin Completed in 1ms
7 timing config:load:cli Completed in 1ms
8 timing config:load:env Completed in 0ms
9 timing config:load:file:/home/lia/meu_primeiro_repositorio/.npmrc Completed in 0ms
10 timing config:load:project Completed in 2ms
11 timing config:load:file:/home/lia/.npmrc Completed in 0ms
12 timing config:load:user Completed in 0ms
13 timing config:load:file:/usr/etc/npmrc Completed in 1ms
14 timing config:load:global Completed in 1ms
15 timing config:load:validate Completed in 0ms
16 timing config:load:credentials Completed in 1ms
17 timing config:load:setEnvs Completed in 0ms
18 timing config:load Completed in 7ms
19 timing npm:load:configload Completed in 7ms
20 timing npm:load:mkdirpcache Completed in 2ms
21 timing npm:load:mkdirplogs Completed in 0ms
22 verbose title npm start
23 verbose argv "start"
24 timing npm:load:setTitle Completed in 1ms
25 timing config:load:flatten Completed in 1ms
26 timing npm:load:display Completed in 2ms
27 verbose logfile logs-max:10 dir:/home/lia/.npm/_logs
28 verbose logfile /home/lia/.npm/_logs/2022-07-29T15_32_08_634Z-debug-0.log
29 timing npm:load:logFile Completed in 3ms
30 timing npm:load:timers Completed in 0ms
31 timing npm:load:configScope Completed in 0ms
32 timing npm:load Completed in 16ms
33 silly logfile done cleaning log files
34 timing command:run-script Completed in 6ms
35 timing command:start Completed in 8ms
36 verbose stack Error: ENOENT: no such file or directory, open '/home/lia/meu_primeiro_repositorio/package.json'
37 verbose cwd /home/lia/meu_primeiro_repositorio
38 verbose Linux 5.10.16.3-microsoft-standard-WSL2
39 verbose node v18.7.0
40 verbose npm  v8.15.0
41 error code ENOENT
42 error syscall open
43 error path /home/lia/meu_primeiro_repositorio/package.json
44 error errno -2
45 error enoent ENOENT: no such file or directory, open '/home/lia/meu_primeiro_repositorio/package.json'
46 error enoent This is related to npm not being able to find a file.
46 error enoent
47 verbose exit -2
48 timing npm Completed in 31ms
49 verbose code -2
50 error A complete log of this run can be found in:
50 error     /home/lia/.npm/_logs/2022-07-29T15_32_08_634Z-debug-0.log
